<?xml version="1.0" encoding="UTF-8"?>
<testng-results skipped="0" failed="0" ignored="0" total="1" passed="1">
  <reporter-output>
  </reporter-output>
  <suite name="Default suite" duration-ms="79930" started-at="2019-06-03T23:16:16Z" finished-at="2019-06-03T23:17:36Z">
    <groups>
    </groups>
    <test name="Default test" duration-ms="79930" started-at="2019-06-03T23:16:16Z" finished-at="2019-06-03T23:17:36Z">
      <class name="Connectors.Connectors">
        <test-method status="PASS" signature="StopDeploymentTestRun()[pri:0, instance:Connectors.Connectors@7ce6a65d]" name="StopDeploymentTestRun" duration-ms="79914" started-at="2019-06-03T23:16:16Z" finished-at="2019-06-03T23:17:36Z">
          <reporter-output>
          </reporter-output>
        </test-method> <!-- StopDeploymentTestRun -->
      </class> <!-- Connectors.Connectors -->
    </test> <!-- Default test -->
  </suite> <!-- Default suite -->
</testng-results>
