<?xml version="1.0" encoding="UTF-8"?>
<testng-results skipped="0" failed="0" ignored="0" total="1" passed="1">
  <reporter-output>
  </reporter-output>
  <suite name="Default suite" duration-ms="80256" started-at="2019-06-10T21:13:00Z" finished-at="2019-06-10T21:14:21Z">
    <groups>
    </groups>
    <test name="Default test" duration-ms="80256" started-at="2019-06-10T21:13:00Z" finished-at="2019-06-10T21:14:21Z">
      <class name="Connector.Connector">
        <test-method status="PASS" signature="StopDeploymentTestRun()[pri:0, instance:Connector.Connector@60285225]" name="StopDeploymentTestRun" duration-ms="80235" started-at="2019-06-10T21:13:00Z" finished-at="2019-06-10T21:14:21Z">
          <reporter-output>
          </reporter-output>
        </test-method> <!-- StopDeploymentTestRun -->
      </class> <!-- Connector.Connector -->
    </test> <!-- Default test -->
  </suite> <!-- Default suite -->
</testng-results>
