<?xml version="1.0" encoding="UTF-8"?>
<testng-results skipped="0" failed="0" ignored="0" total="1" passed="1">
  <reporter-output>
  </reporter-output>
  <suite name="Suite" duration-ms="54957" started-at="2019-06-10T18:39:01Z" finished-at="2019-06-10T18:39:55Z">
    <groups>
    </groups>
    <test name="Test" duration-ms="54957" started-at="2019-06-10T18:39:01Z" finished-at="2019-06-10T18:39:55Z">
      <class name="WineQuality.WineQuality">
        <test-method status="PASS" signature="testNewUrl()[pri:0, instance:WineQuality.WineQuality@7d9d1a19]" name="testNewUrl" duration-ms="54943" started-at="2019-06-10T18:39:01Z" finished-at="2019-06-10T18:39:55Z">
          <reporter-output>
          </reporter-output>
        </test-method> <!-- testNewUrl -->
      </class> <!-- WineQuality.WineQuality -->
    </test> <!-- Test -->
  </suite> <!-- Suite -->
</testng-results>
